00:50:27| ****************************************
00:50:27| Part 2
00:50:27| 
00:50:27| File: verysmall.bmp
00:50:27| Number of drawing commands = 50
00:50:27| Number of threads created  = 0
00:50:31| 
00:50:31| File: verysmall-loops.bmp
00:50:31| Number of drawing commands = 170
00:50:31| Number of threads created  = 0
00:50:32| 
00:50:32| File: small.bmp
00:50:32| Number of drawing commands = 1090
00:50:32| Number of threads created  = 0
00:50:33| 
00:50:33| File: small-loops.bmp
00:50:33| Number of drawing commands = 1090
00:50:33| Number of threads created  = 0
00:50:33| 
00:50:33| File: small-odd.bmp
00:50:33| Number of drawing commands = 1090
00:50:33| Number of threads created  = 0
00:50:33| 
00:50:33| File: small-open.bmp
00:50:33| Number of drawing commands = 1090
00:50:33| Number of threads created  = 0
00:50:34| 
00:50:34| File: large.bmp
00:50:34| Number of drawing commands = 16642
00:50:34| Number of threads created  = 0
00:50:34| 
00:50:34| File: large-loops.bmp
00:50:34| Number of drawing commands = 16642
00:50:34| Number of threads created  = 0
00:50:35| ****************************************
