00:48:56| ****************************************
00:48:56| Part 1
00:48:56| 
00:48:56| File: verysmall.bmp
00:48:56| Number of drawing commands for = 90
00:49:00| Found path has length          = 11
00:49:00| 
00:49:00| File: verysmall-loops.bmp
00:49:00| Number of drawing commands for = 342
00:49:01| Found path has length          = 47
00:49:01| 
00:49:01| File: small.bmp
00:49:01| Number of drawing commands for = 2382
00:49:04| Found path has length          = 79
00:49:04| 
00:49:04| File: small-loops.bmp
00:49:04| Number of drawing commands for = 2154
00:49:11| Found path has length          = 131
00:49:11| 
00:49:11| File: small-odd.bmp
00:49:11| Number of drawing commands for = 2638
00:49:14| Found path has length          = 85
00:49:14| 
00:49:14| File: small-open.bmp
00:49:14| Number of drawing commands for = 3402
00:49:19| Found path has length          = 369
00:49:19| 
00:49:19| File: large.bmp
00:49:19| Number of drawing commands for = 28950
00:49:42| Found path has length          = 1299
00:49:42| 
00:49:42| File: large-loops.bmp
00:49:42| Number of drawing commands for = 38980
00:50:15| Found path has length          = 1699
00:50:15| ****************************************
