15:58:20| 267 cars have been created = 2.97607990
15:58:20| Factories      : 1
15:58:20| Dealerships    : 1
15:58:20| Run Time       : 2.9761
15:58:20| Max queue size : 11
15:58:20| Factor Stats   : [0, 267]
15:58:20| Dealer Stats   : [267]
15:58:20| 
15:58:22| 229 cars have been created = 2.66604000
15:58:22| Factories      : 1
15:58:22| Dealerships    : 2
15:58:22| Run Time       : 2.6660
15:58:22| Max queue size : 3
15:58:22| Factor Stats   : [0, 229]
15:58:22| Dealer Stats   : [116, 113]
15:58:22| 
15:58:29| 561 cars have been created = 6.21967880
15:58:29| Factories      : 2
15:58:29| Dealerships    : 1
15:58:29| Run Time       : 6.2197
15:58:29| Max queue size : 12
15:58:29| Factor Stats   : [0, 0, 295, 266]
15:58:29| Dealer Stats   : [561]
15:58:29| 
15:58:32| 514 cars have been created = 3.48704540
15:58:32| Factories      : 2
15:58:32| Dealerships    : 2
15:58:32| Run Time       : 3.4870
15:58:32| Max queue size : 9
15:58:32| Factor Stats   : [0, 0, 217, 297]
15:58:32| Dealer Stats   : [266, 248]
15:58:32| 
15:58:35| 514 cars have been created = 3.34877400
15:58:35| Factories      : 2
15:58:35| Dealerships    : 5
15:58:35| Run Time       : 3.3488
15:58:35| Max queue size : 5
15:58:35| Factor Stats   : [0, 0, 225, 289]
15:58:35| Dealer Stats   : [97, 100, 108, 107, 102]
15:58:35| 
15:58:41| 1108 cars have been created = 6.01117140
15:58:41| Factories      : 5
15:58:41| Dealerships    : 2
15:58:42| Run Time       : 6.0112
15:58:42| Max queue size : 15
15:58:42| Factor Stats   : [0, 0, 0, 0, 0, 244, 213, 209, 208, 234]
15:58:42| Dealer Stats   : [550, 558]
15:58:42| 
15:58:45| 2430 cars have been created = 3.49132210
15:58:45| Factories      : 10
15:58:45| Dealerships    : 10
15:58:45| Run Time       : 3.4913
15:58:45| Max queue size : 14
15:58:45| Factor Stats   : [0, 0, 0, 0, 0, 0, 0, 0, 0, 0, 214, 204, 274, 227, 228, 249, 290, 265, 228, 251]
15:58:45| Dealer Stats   : [239, 237, 241, 245, 237, 250, 239, 250, 248, 244]
15:58:45| 
