16:22:33| 258 cars have been created = 2.85978960
16:22:33| Factories      : 1
16:22:33| Dealerships    : 1
16:22:33| Run Time       : 2.8598
16:22:33| Max queue size : 9
16:22:33| Factory Stats  : [258]
16:22:33| Dealer Stats   : [258]
16:22:33| 
16:22:35| 226 cars have been created = 2.49551260
16:22:35| Factories      : 1
16:22:35| Dealerships    : 2
16:22:35| Run Time       : 2.4955
16:22:35| Max queue size : 3
16:22:35| Factory Stats  : [226]
16:22:35| Dealer Stats   : [114, 112]
16:22:35| 
16:22:40| 504 cars have been created = 5.15401530
16:22:40| Factories      : 2
16:22:40| Dealerships    : 1
16:22:40| Run Time       : 5.1540
16:22:40| Max queue size : 12
16:22:40| Factory Stats  : [272, 232]
16:22:40| Dealer Stats   : [504]
16:22:40| 
16:22:44| 523 cars have been created = 3.35551670
16:22:44| Factories      : 2
16:22:44| Dealerships    : 2
16:22:44| Run Time       : 3.3555
16:22:44| Max queue size : 8
16:22:44| Factory Stats  : [283, 240]
16:22:44| Dealer Stats   : [261, 262]
16:22:44| 
16:22:47| 555 cars have been created = 3.31905290
16:22:47| Factories      : 2
16:22:47| Dealerships    : 5
16:22:47| Run Time       : 3.3191
16:22:47| Max queue size : 5
16:22:47| Factory Stats  : [259, 296]
16:22:47| Dealer Stats   : [107, 111, 115, 112, 110]
16:22:47| 
16:22:53| 1119 cars have been created = 5.87412700
16:22:53| Factories      : 5
16:22:53| Dealerships    : 2
16:22:53| Run Time       : 5.8741
16:22:53| Max queue size : 15
16:22:53| Factory Stats  : [246, 209, 235, 214, 215]
16:22:53| Dealer Stats   : [576, 543]
16:22:53| 
16:22:56| 2396 cars have been created = 3.47932660
16:22:56| Factories      : 10
16:22:56| Dealerships    : 10
16:22:56| Run Time       : 3.4793
16:22:56| Max queue size : 16
16:22:56| Factory Stats  : [290, 227, 204, 209, 248, 287, 203, 222, 282, 224]
16:22:56| Dealer Stats   : [228, 234, 252, 234, 239, 240, 241, 242, 240, 246]
16:22:56| 
